Unity Editor version:    2021.1.19f1 (5f5eb8bbdc25)
Branch:                  2021.1/staging
Build type:              Release
Batch mode:              YES
macOS version:           Version 10.15.7 (Build 19H2)
Darwin version:          19.6.0
Architecture:            x86_64
Running under Rosetta:   NO
Available memory:        16384 MB
Using pre-set license
Pro License: NO
Pro License: NO

COMMAND LINE ARGUMENTS:
/Applications/Unity/Hub/Editor/2021.1.19f1/Unity.app/Contents/MacOS/Unity
-adb2
-batchMode
-noUpm
-name
AssetImportWorker0
-projectPath
/Users/user/minu/Workspace/Unity_ws/Logliner
-logFile
Logs/AssetImportWorker0.log
-srvPort
50845
Successfully changed project path to: /Users/user/minu/Workspace/Unity_ws/Logliner
/Users/user/minu/Workspace/Unity_ws/Logliner
Using Asset Import Pipeline V2.
Refreshing native plugins compatible for Editor in 145.14 ms, found 3 plugins.
Plugins: Couldn't open /Users/user/minu/Workspace/Unity_ws/Logliner/Library/PackageCache/com.unity.xr.oculus@1.10.0/Runtime/AudioPluginOculusSpatializer.bundle/Contents/MacOS/AudioPluginOculusSpatializer, error: dlopen(/Users/user/minu/Workspace/Unity_ws/Logliner/Library/PackageCache/com.unity.xr.oculus@1.10.0/Runtime/AudioPluginOculusSpatializer.bundle/Contents/MacOS/AudioPluginOculusSpatializer, 2): no suitable image found.  Did find:
	/Users/user/minu/Workspace/Unity_ws/Logliner/Library/PackageCache/com.unity.xr.oculus@1.10.0/Runtime/AudioPluginOculusSpatializer.bundle/Contents/MacOS/AudioPluginOculusSpatializer: code signature in (/Users/user/minu/Workspace/Unity_ws/Logliner/Library/PackageCache/com.unity.xr.oculus@1.10.0/Runtime/AudioPluginOculusSpatializer.bundle/Contents/MacOS/AudioPluginOculusSpatializer) not valid for use in process using Library Validation: library load disallowed by system policy
Preloading 1 native plugins for Editor in 1502.78 ms.
Initialize engine version: 2021.1.19f1 (5f5eb8bbdc25)
[Subsystems] Discovering subsystems at path /Applications/Unity/Hub/Editor/2021.1.19f1/Unity.app/Contents/Resources/UnitySubsystems
[Subsystems] Discovering subsystems at path /Users/user/minu/Workspace/Unity_ws/Logliner/Assets
GfxDevice: creating device client; threaded=0; jobified=0
2021-09-29 21:32:35.038 Unity[12882:150569] Color LCD preferred device: AMD Radeon Pro 555 (high power)
2021-09-29 21:32:35.038 Unity[12882:150569] Metal devices available: 2
2021-09-29 21:32:35.038 Unity[12882:150569] 0: AMD Radeon Pro 555 (high power)
2021-09-29 21:32:35.038 Unity[12882:150569] 1: Intel(R) HD Graphics 630 (low power)
2021-09-29 21:32:35.039 Unity[12882:150569] Using device AMD Radeon Pro 555 (high power)
Initializing Metal device caps: AMD Radeon Pro 555
Initialize mono
Mono path[0] = '/Applications/Unity/Hub/Editor/2021.1.19f1/Unity.app/Contents/Managed'
Mono path[1] = '/Applications/Unity/Hub/Editor/2021.1.19f1/Unity.app/Contents/MonoBleedingEdge/lib/mono/unityjit'
Mono config path = '/Applications/Unity/Hub/Editor/2021.1.19f1/Unity.app/Contents/MonoBleedingEdge/etc'
Using monoOptions --debugger-agent=transport=dt_socket,embedding=1,server=y,suspend=n,address=127.0.0.1:56882
Begin MonoManager ReloadAssembly
Registering precompiled unity dll's ...
Register platform support module: /Applications/Unity/Hub/Editor/2021.1.19f1/Unity.app/Contents/PlaybackEngines/MacStandaloneSupport/UnityEditor.OSXStandalone.Extensions.dll
Registered in 0.000528 seconds.
Native extension for OSXStandalone target not found
Refreshing native plugins compatible for Editor in 137.43 ms, found 3 plugins.
Plugins: Couldn't open /Users/user/minu/Workspace/Unity_ws/Logliner/Library/PackageCache/com.unity.xr.oculus@1.10.0/Runtime/AudioPluginOculusSpatializer.bundle/Contents/MacOS/AudioPluginOculusSpatializer, error: dlopen(/Users/user/minu/Workspace/Unity_ws/Logliner/Library/PackageCache/com.unity.xr.oculus@1.10.0/Runtime/AudioPluginOculusSpatializer.bundle/Contents/MacOS/AudioPluginOculusSpatializer, 2): no suitable image found.  Did find:
	/Users/user/minu/Workspace/Unity_ws/Logliner/Library/PackageCache/com.unity.xr.oculus@1.10.0/Runtime/AudioPluginOculusSpatializer.bundle/Contents/MacOS/AudioPluginOculusSpatializer: code signature in (/Users/user/minu/Workspace/Unity_ws/Logliner/Library/PackageCache/com.unity.xr.oculus@1.10.0/Runtime/AudioPluginOculusSpatializer.bundle/Contents/MacOS/AudioPluginOculusSpatializer) not valid for use in process using Library Validation: library load disallowed by system policy
Preloading 1 native plugins for Editor in 2505.75 ms.
Mono: successfully reloaded assembly
- Completed reload, in  5.236 seconds
Domain Reload Profiling:
	ReloadAssembly (5236ms)
		BeginReloadAssembly (60ms)
			ExecutionOrderSort (0ms)
			DisableScriptedObjects (0ms)
			BackupInstance (0ms)
			ReleaseScriptingObjects (0ms)
			CreateAndSetChildDomain (1ms)
		EndReloadAssembly (3212ms)
			LoadAssemblies (59ms)
			RebuildTransferFunctionScriptingTraits (0ms)
			SetupTypeCache (257ms)
			ReleaseScriptCaches (0ms)
			RebuildScriptCaches (51ms)
			SetupLoadedEditorAssemblies (2842ms)
				LogAssemblyErrors (0ms)
				InitializePlatformSupportModulesInManaged (7ms)
				SetLoadedEditorAssemblies (0ms)
				RefreshPlugins (2643ms)
				BeforeProcessingInitializeOnLoad (2ms)
				ProcessInitializeOnLoadAttributes (151ms)
				ProcessInitializeOnLoadMethodAttributes (38ms)
				AfterProcessingInitializeOnLoad (0ms)
				EditorAssembliesLoaded (0ms)
			ExecutionOrderSort2 (0ms)
			AwakeInstancesAfterBackupRestoration (0ms)
Platform modules already initialized, skipping
Registering precompiled user dll's ...
Registered in 0.002957 seconds.
Begin MonoManager ReloadAssembly
Symbol file LoadedFromMemory doesn't match image /Users/user/minu/Workspace/Unity_ws/Logliner/Library/PackageCache/com.unity.visualscripting@1.6.1/Editor/VisualScripting.Core/Dependencies/YamlDotNet/Unity.VisualScripting.YamlDotNet.dll
Symbol file LoadedFromMemory doesn't match image /Users/user/minu/Workspace/Unity_ws/Logliner/Library/PackageCache/com.unity.visualscripting@1.6.1/Editor/VisualScripting.Core/Dependencies/DotNetZip/Unity.VisualScripting.IonicZip.dll
Native extension for OSXStandalone target not found
Refreshing native plugins compatible for Editor in 143.92 ms, found 3 plugins.
Plugins: Couldn't open /Users/user/minu/Workspace/Unity_ws/Logliner/Library/PackageCache/com.unity.xr.oculus@1.10.0/Runtime/AudioPluginOculusSpatializer.bundle/Contents/MacOS/AudioPluginOculusSpatializer, error: dlopen(/Users/user/minu/Workspace/Unity_ws/Logliner/Library/PackageCache/com.unity.xr.oculus@1.10.0/Runtime/AudioPluginOculusSpatializer.bundle/Contents/MacOS/AudioPluginOculusSpatializer, 2): no suitable image found.  Did find:
	/Users/user/minu/Workspace/Unity_ws/Logliner/Library/PackageCache/com.unity.xr.oculus@1.10.0/Runtime/AudioPluginOculusSpatializer.bundle/Contents/MacOS/AudioPluginOculusSpatializer: code signature in (/Users/user/minu/Workspace/Unity_ws/Logliner/Library/PackageCache/com.unity.xr.oculus@1.10.0/Runtime/AudioPluginOculusSpatializer.bundle/Contents/MacOS/AudioPluginOculusSpatializer) not valid for use in process using Library Validation: library load disallowed by system policy
Preloading 1 native plugins for Editor in 4293.33 ms.
Mono: successfully reloaded assembly
- Completed reload, in  6.338 seconds
Domain Reload Profiling:
	ReloadAssembly (6338ms)
		BeginReloadAssembly (221ms)
			ExecutionOrderSort (0ms)
			DisableScriptedObjects (6ms)
			BackupInstance (0ms)
			ReleaseScriptingObjects (0ms)
			CreateAndSetChildDomain (47ms)
		EndReloadAssembly (6028ms)
			LoadAssemblies (115ms)
			RebuildTransferFunctionScriptingTraits (0ms)
			SetupTypeCache (607ms)
			ReleaseScriptCaches (1ms)
			RebuildScriptCaches (93ms)
			SetupLoadedEditorAssemblies (5054ms)
				LogAssemblyErrors (0ms)
				InitializePlatformSupportModulesInManaged (4ms)
				SetLoadedEditorAssemblies (0ms)
				RefreshPlugins (4437ms)
				BeforeProcessingInitializeOnLoad (118ms)
				ProcessInitializeOnLoadAttributes (484ms)
				ProcessInitializeOnLoadMethodAttributes (8ms)
				AfterProcessingInitializeOnLoad (1ms)
				EditorAssembliesLoaded (0ms)
			ExecutionOrderSort2 (0ms)
			AwakeInstancesAfterBackupRestoration (9ms)
Platform modules already initialized, skipping
========================================================================
Worker process is ready to serve import requests
Launching external process: /Applications/Unity/Hub/Editor/2021.1.19f1/Unity.app/Contents/Tools/UnityShaderCompiler
Launched and connected shader compiler UnityShaderCompiler after 0.02 seconds
Refreshing native plugins compatible for Editor in 1.12 ms, found 3 plugins.
Plugins: Couldn't open /Users/user/minu/Workspace/Unity_ws/Logliner/Library/PackageCache/com.unity.xr.oculus@1.10.0/Runtime/AudioPluginOculusSpatializer.bundle/Contents/MacOS/AudioPluginOculusSpatializer, error: dlopen(/Users/user/minu/Workspace/Unity_ws/Logliner/Library/PackageCache/com.unity.xr.oculus@1.10.0/Runtime/AudioPluginOculusSpatializer.bundle/Contents/MacOS/AudioPluginOculusSpatializer, 2): no suitable image found.  Did find:
	/Users/user/minu/Workspace/Unity_ws/Logliner/Library/PackageCache/com.unity.xr.oculus@1.10.0/Runtime/AudioPluginOculusSpatializer.bundle/Contents/MacOS/AudioPluginOculusSpatializer: code signature in (/Users/user/minu/Workspace/Unity_ws/Logliner/Library/PackageCache/com.unity.xr.oculus@1.10.0/Runtime/AudioPluginOculusSpatializer.bundle/Contents/MacOS/AudioPluginOculusSpatializer) not valid for use in process using Library Validation: library load disallowed by system policy
Preloading 1 native plugins for Editor in 1730.41 ms.
Unloading 4847 Unused Serialized files (Serialized files now loaded: 0)
System memory in use before: 327.8 MB.
System memory in use after: 328.1 MB.

Unloading 24 unused Assets to reduce memory usage. Loaded Objects now: 5320.
Total: 8.118644 ms (FindLiveObjects: 1.240754 ms CreateObjectMapping: 0.697354 ms MarkObjects: 6.099835 ms  DeleteObjects: 0.078301 ms)

AssetImportParameters requested are different than current active one (requested -> active):
  custom:video-decoder-ogg-theora: a1e56fd34408186e4bbccfd4996cb3dc -> 
  custom:container-muxer-webm: aa71ff27fc2769a1b78a27578f13a17b -> 
  custom:container-demuxer-webm: 4f35f7cbe854078d1ac9338744f61a02 -> 
  custom:container-demuxer-ogg: 62fdf1f143b41e24485cea50d1cbac27 -> 
  custom:video-encoder-webm-vp8: eb34c28f22e8b96e1ab97ce403110664 -> 
  custom:framework-osx-AVFoundation: b23960f63f64bdc6ff669e2cdcee2391 -> 
  custom:video-decoder-webm-vp8: 9c59270c3fd7afecdb556c50c9e8de78 -> 
  custom:audio-decoder-ogg-vorbis: bf7c407c2cedff20999df2af8eb42d56 -> 
  custom:audio-encoder-webm-vorbis: bf7c407c2cedff20999df2af8eb42d56 -> 
========================================================================
Received Import Request.
  path: Assets/01.Scenes/Chapter03_1.unity
  artifactKey: Guid(4c8e298f2593340a3a6d7c2c80edc537) Importer(815301076,1909f56bfc062723c751e8b465ee728b)
Start importing Assets/01.Scenes/Chapter03_1.unity using Guid(4c8e298f2593340a3a6d7c2c80edc537) Importer(815301076,1909f56bfc062723c751e8b465ee728b)  -> (artifact id: '3e0d2a25df2c0ff050483f52be66e957') in 0.015420 seconds 
========================================================================
Received Import Request.
  Time since last request: 29.685785 seconds.
  path: Assets/01.Scenes/Chapter03_ori.unity
  artifactKey: Guid(81a10ecfbabf80c4fa6d3e030bc88115) Importer(815301076,1909f56bfc062723c751e8b465ee728b)
Start importing Assets/01.Scenes/Chapter03_ori.unity using Guid(81a10ecfbabf80c4fa6d3e030bc88115) Importer(815301076,1909f56bfc062723c751e8b465ee728b)  -> (artifact id: '2ff283dac86f66d518f0b5a7ba5161b4') in 0.002908 seconds 
========================================================================
Received Import Request.
  Time since last request: 5.387101 seconds.
  path: Assets/01.Scenes/Chapter03.unity
  artifactKey: Guid(4c8e298f2593340a3a6d7c2c80edc537) Importer(815301076,1909f56bfc062723c751e8b465ee728b)
Start importing Assets/01.Scenes/Chapter03.unity using Guid(4c8e298f2593340a3a6d7c2c80edc537) Importer(815301076,1909f56bfc062723c751e8b465ee728b)  -> (artifact id: 'c1ae952101d79e346b017a5968233747') in 0.002986 seconds 
========================================================================
Received Import Request.
  Time since last request: 86.721522 seconds.
  path: Assets/비트로 코어 OTF.otf
  artifactKey: Guid(59b717aed6fff754fb31724bc7193b12) Importer(815301076,1909f56bfc062723c751e8b465ee728b)
Start importing Assets/비트로 코어 OTF.otf using Guid(59b717aed6fff754fb31724bc7193b12) Importer(815301076,1909f56bfc062723c751e8b465ee728b)  -> (artifact id: 'c8d69555e617e803da546ef7e90251e7') in 0.650044 seconds 
========================================================================
Received Import Request.
  Time since last request: 2.460793 seconds.
  path: Assets/01.Scenes/Chapter02.unity
  artifactKey: Guid(06c3d3185f8df4943ba5f56ee0ae98a4) Importer(815301076,1909f56bfc062723c751e8b465ee728b)
Start importing Assets/01.Scenes/Chapter02.unity using Guid(06c3d3185f8df4943ba5f56ee0ae98a4) Importer(815301076,1909f56bfc062723c751e8b465ee728b)  -> (artifact id: '67db511682e616c99f8ef866adb8619e') in 0.006432 seconds 
========================================================================
Received Prepare
Registering precompiled user dll's ...
Registered in 0.012311 seconds.
Begin MonoManager ReloadAssembly
Symbol file LoadedFromMemory doesn't match image /Users/user/minu/Workspace/Unity_ws/Logliner/Library/PackageCache/com.unity.visualscripting@1.6.1/Editor/VisualScripting.Core/Dependencies/YamlDotNet/Unity.VisualScripting.YamlDotNet.dll
Symbol file LoadedFromMemory doesn't match image /Users/user/minu/Workspace/Unity_ws/Logliner/Library/PackageCache/com.unity.visualscripting@1.6.1/Editor/VisualScripting.Core/Dependencies/DotNetZip/Unity.VisualScripting.IonicZip.dll
Native extension for OSXStandalone target not found
Refreshing native plugins compatible for Editor in 1.05 ms, found 3 plugins.
Plugins: Couldn't open /Users/user/minu/Workspace/Unity_ws/Logliner/Library/PackageCache/com.unity.xr.oculus@1.10.0/Runtime/AudioPluginOculusSpatializer.bundle/Contents/MacOS/AudioPluginOculusSpatializer, error: dlopen(/Users/user/minu/Workspace/Unity_ws/Logliner/Library/PackageCache/com.unity.xr.oculus@1.10.0/Runtime/AudioPluginOculusSpatializer.bundle/Contents/MacOS/AudioPluginOculusSpatializer, 2): no suitable image found.  Did find:
	/Users/user/minu/Workspace/Unity_ws/Logliner/Library/PackageCache/com.unity.xr.oculus@1.10.0/Runtime/AudioPluginOculusSpatializer.bundle/Contents/MacOS/AudioPluginOculusSpatializer: code signature in (/Users/user/minu/Workspace/Unity_ws/Logliner/Library/PackageCache/com.unity.xr.oculus@1.10.0/Runtime/AudioPluginOculusSpatializer.bundle/Contents/MacOS/AudioPluginOculusSpatializer) not valid for use in process using Library Validation: library load disallowed by system policy
Preloading 1 native plugins for Editor in 1666.17 ms.
Mono: successfully reloaded assembly
- Completed reload, in  3.478 seconds
Domain Reload Profiling:
	ReloadAssembly (3478ms)
		BeginReloadAssembly (236ms)
			ExecutionOrderSort (0ms)
			DisableScriptedObjects (9ms)
			BackupInstance (0ms)
			ReleaseScriptingObjects (0ms)
			CreateAndSetChildDomain (129ms)
		EndReloadAssembly (3161ms)
			LoadAssemblies (103ms)
			RebuildTransferFunctionScriptingTraits (0ms)
			SetupTypeCache (561ms)
			ReleaseScriptCaches (2ms)
			RebuildScriptCaches (71ms)
			SetupLoadedEditorAssemblies (2190ms)
				LogAssemblyErrors (0ms)
				InitializePlatformSupportModulesInManaged (6ms)
				SetLoadedEditorAssemblies (1ms)
				RefreshPlugins (1667ms)
				BeforeProcessingInitializeOnLoad (82ms)
				ProcessInitializeOnLoadAttributes (422ms)
				ProcessInitializeOnLoadMethodAttributes (10ms)
				AfterProcessingInitializeOnLoad (2ms)
				EditorAssembliesLoaded (0ms)
			ExecutionOrderSort2 (0ms)
			AwakeInstancesAfterBackupRestoration (28ms)
Platform modules already initialized, skipping
Refreshing native plugins compatible for Editor in 1.08 ms, found 3 plugins.
Plugins: Couldn't open /Users/user/minu/Workspace/Unity_ws/Logliner/Library/PackageCache/com.unity.xr.oculus@1.10.0/Runtime/AudioPluginOculusSpatializer.bundle/Contents/MacOS/AudioPluginOculusSpatializer, error: dlopen(/Users/user/minu/Workspace/Unity_ws/Logliner/Library/PackageCache/com.unity.xr.oculus@1.10.0/Runtime/AudioPluginOculusSpatializer.bundle/Contents/MacOS/AudioPluginOculusSpatializer, 2): no suitable image found.  Did find:
	/Users/user/minu/Workspace/Unity_ws/Logliner/Library/PackageCache/com.unity.xr.oculus@1.10.0/Runtime/AudioPluginOculusSpatializer.bundle/Contents/MacOS/AudioPluginOculusSpatializer: code signature in (/Users/user/minu/Workspace/Unity_ws/Logliner/Library/PackageCache/com.unity.xr.oculus@1.10.0/Runtime/AudioPluginOculusSpatializer.bundle/Contents/MacOS/AudioPluginOculusSpatializer) not valid for use in process using Library Validation: library load disallowed by system policy
Preloading 1 native plugins for Editor in 4841.70 ms.
Unloading 4714 Unused Serialized files (Serialized files now loaded: 0)
System memory in use before: 350.0 MB.
System memory in use after: 350.2 MB.

Unloading 17 unused Assets to reduce memory usage. Loaded Objects now: 5423.
Total: 5.905170 ms (FindLiveObjects: 0.477558 ms CreateObjectMapping: 0.316219 ms MarkObjects: 5.005906 ms  DeleteObjects: 0.104272 ms)

AssetImportParameters requested are different than current active one (requested -> active):
  custom:video-decoder-ogg-theora: a1e56fd34408186e4bbccfd4996cb3dc -> 
  custom:container-muxer-webm: aa71ff27fc2769a1b78a27578f13a17b -> 
  custom:container-demuxer-webm: 4f35f7cbe854078d1ac9338744f61a02 -> 
  custom:container-demuxer-ogg: 62fdf1f143b41e24485cea50d1cbac27 -> 
  custom:video-encoder-webm-vp8: eb34c28f22e8b96e1ab97ce403110664 -> 
  custom:framework-osx-AVFoundation: b23960f63f64bdc6ff669e2cdcee2391 -> 
  custom:video-decoder-webm-vp8: 9c59270c3fd7afecdb556c50c9e8de78 -> 
  custom:audio-decoder-ogg-vorbis: bf7c407c2cedff20999df2af8eb42d56 -> 
  custom:audio-encoder-webm-vorbis: bf7c407c2cedff20999df2af8eb42d56 -> 
========================================================================
Received Import Request.
  Time since last request: 351.263853 seconds.
  path: Assets/01.Scenes/Chapter03_1.unity
  artifactKey: Guid(8ab83d4c1bbbc4dc7941af73bcb34402) Importer(815301076,1909f56bfc062723c751e8b465ee728b)
Start importing Assets/01.Scenes/Chapter03_1.unity using Guid(8ab83d4c1bbbc4dc7941af73bcb34402) Importer(815301076,1909f56bfc062723c751e8b465ee728b)  -> (artifact id: 'fb4a221ab125e08f478c3bb1546bb560') in 0.023781 seconds 
========================================================================
Received Prepare
Registering precompiled user dll's ...
Registered in 0.004581 seconds.
Begin MonoManager ReloadAssembly
Symbol file LoadedFromMemory doesn't match image /Users/user/minu/Workspace/Unity_ws/Logliner/Library/PackageCache/com.unity.visualscripting@1.6.1/Editor/VisualScripting.Core/Dependencies/YamlDotNet/Unity.VisualScripting.YamlDotNet.dll
Symbol file LoadedFromMemory doesn't match image /Users/user/minu/Workspace/Unity_ws/Logliner/Library/PackageCache/com.unity.visualscripting@1.6.1/Editor/VisualScripting.Core/Dependencies/DotNetZip/Unity.VisualScripting.IonicZip.dll
Native extension for OSXStandalone target not found
Refreshing native plugins compatible for Editor in 1.44 ms, found 3 plugins.
Plugins: Couldn't open /Users/user/minu/Workspace/Unity_ws/Logliner/Library/PackageCache/com.unity.xr.oculus@1.10.0/Runtime/AudioPluginOculusSpatializer.bundle/Contents/MacOS/AudioPluginOculusSpatializer, error: dlopen(/Users/user/minu/Workspace/Unity_ws/Logliner/Library/PackageCache/com.unity.xr.oculus@1.10.0/Runtime/AudioPluginOculusSpatializer.bundle/Contents/MacOS/AudioPluginOculusSpatializer, 2): no suitable image found.  Did find:
	/Users/user/minu/Workspace/Unity_ws/Logliner/Library/PackageCache/com.unity.xr.oculus@1.10.0/Runtime/AudioPluginOculusSpatializer.bundle/Contents/MacOS/AudioPluginOculusSpatializer: code signature in (/Users/user/minu/Workspace/Unity_ws/Logliner/Library/PackageCache/com.unity.xr.oculus@1.10.0/Runtime/AudioPluginOculusSpatializer.bundle/Contents/MacOS/AudioPluginOculusSpatializer) not valid for use in process using Library Validation: library load disallowed by system policy
Preloading 1 native plugins for Editor in 1804.42 ms.
Mono: successfully reloaded assembly
- Completed reload, in  4.134 seconds
Domain Reload Profiling:
	ReloadAssembly (4135ms)
		BeginReloadAssembly (249ms)
			ExecutionOrderSort (0ms)
			DisableScriptedObjects (11ms)
			BackupInstance (0ms)
			ReleaseScriptingObjects (0ms)
			CreateAndSetChildDomain (144ms)
		EndReloadAssembly (3772ms)
			LoadAssemblies (141ms)
			RebuildTransferFunctionScriptingTraits (0ms)
			SetupTypeCache (809ms)
			ReleaseScriptCaches (2ms)
			RebuildScriptCaches (105ms)
			SetupLoadedEditorAssemblies (2435ms)
				LogAssemblyErrors (0ms)
				InitializePlatformSupportModulesInManaged (7ms)
				SetLoadedEditorAssemblies (1ms)
				RefreshPlugins (1806ms)
				BeforeProcessingInitializeOnLoad (96ms)
				ProcessInitializeOnLoadAttributes (515ms)
				ProcessInitializeOnLoadMethodAttributes (8ms)
				AfterProcessingInitializeOnLoad (2ms)
				EditorAssembliesLoaded (0ms)
			ExecutionOrderSort2 (0ms)
			AwakeInstancesAfterBackupRestoration (31ms)
Platform modules already initialized, skipping
Refreshing native plugins compatible for Editor in 1.77 ms, found 3 plugins.
Plugins: Couldn't open /Users/user/minu/Workspace/Unity_ws/Logliner/Library/PackageCache/com.unity.xr.oculus@1.10.0/Runtime/AudioPluginOculusSpatializer.bundle/Contents/MacOS/AudioPluginOculusSpatializer, error: dlopen(/Users/user/minu/Workspace/Unity_ws/Logliner/Library/PackageCache/com.unity.xr.oculus@1.10.0/Runtime/AudioPluginOculusSpatializer.bundle/Contents/MacOS/AudioPluginOculusSpatializer, 2): no suitable image found.  Did find:
	/Users/user/minu/Workspace/Unity_ws/Logliner/Library/PackageCache/com.unity.xr.oculus@1.10.0/Runtime/AudioPluginOculusSpatializer.bundle/Contents/MacOS/AudioPluginOculusSpatializer: code signature in (/Users/user/minu/Workspace/Unity_ws/Logliner/Library/PackageCache/com.unity.xr.oculus@1.10.0/Runtime/AudioPluginOculusSpatializer.bundle/Contents/MacOS/AudioPluginOculusSpatializer) not valid for use in process using Library Validation: library load disallowed by system policy
Preloading 1 native plugins for Editor in 17859.64 ms.
Unloading 4713 Unused Serialized files (Serialized files now loaded: 0)
System memory in use before: 350.7 MB.
System memory in use after: 351.0 MB.

Unloading 17 unused Assets to reduce memory usage. Loaded Objects now: 5426.
Total: 8.159898 ms (FindLiveObjects: 0.685590 ms CreateObjectMapping: 0.834515 ms MarkObjects: 6.573733 ms  DeleteObjects: 0.064080 ms)

AssetImportParameters requested are different than current active one (requested -> active):
  custom:video-decoder-ogg-theora: a1e56fd34408186e4bbccfd4996cb3dc -> 
  custom:container-muxer-webm: aa71ff27fc2769a1b78a27578f13a17b -> 
  custom:container-demuxer-webm: 4f35f7cbe854078d1ac9338744f61a02 -> 
  custom:container-demuxer-ogg: 62fdf1f143b41e24485cea50d1cbac27 -> 
  custom:video-encoder-webm-vp8: eb34c28f22e8b96e1ab97ce403110664 -> 
  custom:framework-osx-AVFoundation: b23960f63f64bdc6ff669e2cdcee2391 -> 
  custom:video-decoder-webm-vp8: 9c59270c3fd7afecdb556c50c9e8de78 -> 
  custom:audio-decoder-ogg-vorbis: bf7c407c2cedff20999df2af8eb42d56 -> 
  custom:audio-encoder-webm-vorbis: bf7c407c2cedff20999df2af8eb42d56 -> 
AssetImportWorkerClient::OnTransportError - code=2 error=End of file
